mode: set
github.com/yourusername/quire/pkg/quire/client.go:16.87,20.16 3 1
github.com/yourusername/quire/pkg/quire/client.go:20.16,22.3 1 1
github.com/yourusername/quire/pkg/quire/client.go:24.2,27.8 1 0
github.com/yourusername/quire/pkg/quire/client.go:30.90,32.16 2 0
github.com/yourusername/quire/pkg/quire/client.go:32.16,34.3 1 0
github.com/yourusername/quire/pkg/quire/client.go:35.2,35.25 1 0
github.com/yourusername/quire/pkg/quire/client.go:38.96,48.16 3 0
github.com/yourusername/quire/pkg/quire/client.go:48.16,50.3 1 0
github.com/yourusername/quire/pkg/quire/client.go:51.2,51.12 1 0
github.com/yourusername/quire/pkg/quire/client.go:54.97,65.16 3 0
github.com/yourusername/quire/pkg/quire/client.go:65.16,67.3 1 0
github.com/yourusername/quire/pkg/quire/client.go:68.2,68.12 1 0
github.com/yourusername/quire/pkg/quire/client.go:71.72,76.16 2 0
github.com/yourusername/quire/pkg/quire/client.go:76.16,78.3 1 0
github.com/yourusername/quire/pkg/quire/client.go:79.2,79.12 1 0
github.com/yourusername/quire/pkg/quire/db.go:31.35,32.29 1 1
github.com/yourusername/quire/pkg/quire/db.go:32.29,34.3 1 1
github.com/yourusername/quire/pkg/quire/db.go:36.2,36.31 1 1
github.com/yourusername/quire/pkg/quire/db.go:36.31,38.3 1 1
github.com/yourusername/quire/pkg/quire/db.go:40.2,41.16 2 1
github.com/yourusername/quire/pkg/quire/db.go:41.16,43.3 1 1
github.com/yourusername/quire/pkg/quire/db.go:45.2,48.8 1 0
github.com/yourusername/quire/pkg/quire/db.go:52.41,57.2 1 1
github.com/yourusername/quire/pkg/quire/db.go:60.29,62.2 1 1
github.com/yourusername/quire/pkg/quire/table.go:19.32,23.2 1 1
github.com/yourusername/quire/pkg/quire/table.go:26.72,28.16 2 1
github.com/yourusername/quire/pkg/quire/table.go:28.16,30.3 1 1
github.com/yourusername/quire/pkg/quire/table.go:32.2,33.48 2 1
github.com/yourusername/quire/pkg/quire/table.go:53.74,60.2 2 1
github.com/yourusername/quire/pkg/quire/table.go:63.37,66.2 2 1
github.com/yourusername/quire/pkg/quire/table.go:69.64,73.2 3 1
github.com/yourusername/quire/pkg/quire/table.go:76.66,79.16 3 1
github.com/yourusername/quire/pkg/quire/table.go:79.16,81.3 1 1
github.com/yourusername/quire/pkg/quire/table.go:83.2,83.19 1 1
github.com/yourusername/quire/pkg/quire/table.go:83.19,85.3 1 1
github.com/yourusername/quire/pkg/quire/table.go:87.2,92.21 4 1
github.com/yourusername/quire/pkg/quire/table.go:92.21,94.3 1 0
github.com/yourusername/quire/pkg/quire/table.go:96.2,98.47 2 1
github.com/yourusername/quire/pkg/quire/table.go:101.91,102.25 1 1
github.com/yourusername/quire/pkg/quire/table.go:102.25,104.3 1 1
github.com/yourusername/quire/pkg/quire/table.go:106.2,107.27 2 1
github.com/yourusername/quire/pkg/quire/table.go:107.27,108.37 1 1
github.com/yourusername/quire/pkg/quire/table.go:108.37,110.4 1 1
github.com/yourusername/quire/pkg/quire/table.go:112.2,112.15 1 1
github.com/yourusername/quire/pkg/quire/table.go:115.79,116.30 1 1
github.com/yourusername/quire/pkg/quire/table.go:116.30,118.29 2 1
github.com/yourusername/quire/pkg/quire/table.go:118.29,119.21 1 1
github.com/yourusername/quire/pkg/quire/table.go:119.21,121.10 2 1
github.com/yourusername/quire/pkg/quire/table.go:124.3,124.41 1 1
github.com/yourusername/quire/pkg/quire/table.go:124.41,126.4 1 1
github.com/yourusername/quire/pkg/quire/table.go:128.3,128.57 1 1
github.com/yourusername/quire/pkg/quire/table.go:128.57,130.4 1 1
github.com/yourusername/quire/pkg/quire/table.go:132.2,132.13 1 1
github.com/yourusername/quire/pkg/quire/table.go:135.75,139.12 3 1
github.com/yourusername/quire/pkg/quire/table.go:140.17,141.29 1 1
github.com/yourusername/quire/pkg/quire/table.go:142.12,143.29 1 1
github.com/yourusername/quire/pkg/quire/table.go:144.11,145.40 1 1
github.com/yourusername/quire/pkg/quire/table.go:146.12,147.41 1 1
github.com/yourusername/quire/pkg/quire/table.go:148.11,149.40 1 1
github.com/yourusername/quire/pkg/quire/table.go:150.12,151.41 1 1
github.com/yourusername/quire/pkg/quire/table.go:152.26,153.79 1 1
github.com/yourusername/quire/pkg/quire/table.go:154.10,155.15 1 1
github.com/yourusername/quire/pkg/quire/table.go:159.42,167.32 5 1
github.com/yourusername/quire/pkg/quire/table.go:167.32,168.18 1 1
github.com/yourusername/quire/pkg/quire/table.go:168.18,170.4 1 1
github.com/yourusername/quire/pkg/quire/table.go:171.3,171.18 1 1
github.com/yourusername/quire/pkg/quire/table.go:171.18,173.4 1 1
github.com/yourusername/quire/pkg/quire/table.go:174.3,174.11 1 1
github.com/yourusername/quire/pkg/quire/table.go:177.2,177.17 1 1
github.com/yourusername/quire/pkg/quire/table.go:177.17,179.3 1 1
github.com/yourusername/quire/pkg/quire/table.go:180.2,180.17 1 1
github.com/yourusername/quire/pkg/quire/table.go:180.17,182.3 1 1
github.com/yourusername/quire/pkg/quire/table.go:183.2,183.10 1 1
github.com/yourusername/quire/pkg/quire/table.go:186.88,188.2 1 0
github.com/yourusername/quire/pkg/quire/table.go:190.66,191.40 1 1
github.com/yourusername/quire/pkg/quire/table.go:191.40,193.3 1 1
github.com/yourusername/quire/pkg/quire/table.go:194.2,194.13 1 1
github.com/yourusername/quire/pkg/quire/table.go:197.72,199.31 2 1
github.com/yourusername/quire/pkg/quire/table.go:199.31,201.3 1 1
github.com/yourusername/quire/pkg/quire/table.go:203.2,204.31 2 1
github.com/yourusername/quire/pkg/quire/table.go:204.31,207.17 3 1
github.com/yourusername/quire/pkg/quire/table.go:207.17,209.4 1 0
github.com/yourusername/quire/pkg/quire/table.go:210.3,210.31 1 1
github.com/yourusername/quire/pkg/quire/table.go:212.2,212.20 1 1
github.com/yourusername/quire/pkg/quire/table.go:215.64,217.29 2 1
github.com/yourusername/quire/pkg/quire/table.go:217.29,219.3 1 1
github.com/yourusername/quire/pkg/quire/table.go:220.2,220.32 1 1
github.com/yourusername/quire/pkg/quire/table.go:220.32,222.3 1 1
github.com/yourusername/quire/pkg/quire/table.go:224.2,227.36 3 1
github.com/yourusername/quire/pkg/quire/table.go:227.36,232.17 4 1
github.com/yourusername/quire/pkg/quire/table.go:232.17,233.12 1 1
github.com/yourusername/quire/pkg/quire/table.go:236.3,236.45 1 1
github.com/yourusername/quire/pkg/quire/table.go:239.2,239.20 1 1
github.com/yourusername/quire/pkg/quire/table.go:242.89,244.77 2 1
github.com/yourusername/quire/pkg/quire/table.go:244.77,246.3 1 1
github.com/yourusername/quire/pkg/quire/table.go:248.2,251.27 3 1
github.com/yourusername/quire/pkg/quire/table.go:251.27,253.53 2 1
github.com/yourusername/quire/pkg/quire/table.go:253.53,255.4 1 0
github.com/yourusername/quire/pkg/quire/table.go:256.3,256.44 1 1
github.com/yourusername/quire/pkg/quire/table.go:259.2,260.12 2 1
github.com/yourusername/quire/pkg/quire/table.go:263.82,264.32 1 1
github.com/yourusername/quire/pkg/quire/table.go:264.32,266.3 1 0
github.com/yourusername/quire/pkg/quire/table.go:267.2,267.35 1 1
github.com/yourusername/quire/pkg/quire/table.go:267.35,269.3 1 1
github.com/yourusername/quire/pkg/quire/table.go:271.2,272.39 2 1
github.com/yourusername/quire/pkg/quire/table.go:272.39,277.17 4 1
github.com/yourusername/quire/pkg/quire/table.go:277.17,278.12 1 0
github.com/yourusername/quire/pkg/quire/table.go:281.3,282.16 2 1
github.com/yourusername/quire/pkg/quire/table.go:282.16,284.4 1 1
github.com/yourusername/quire/pkg/quire/table.go:286.3,287.29 2 1
github.com/yourusername/quire/pkg/quire/table.go:287.29,288.20 1 1
github.com/yourusername/quire/pkg/quire/table.go:288.20,290.10 2 1
github.com/yourusername/quire/pkg/quire/table.go:294.3,294.41 1 1
github.com/yourusername/quire/pkg/quire/table.go:294.41,295.12 1 1
github.com/yourusername/quire/pkg/quire/table.go:298.3,298.54 1 1
github.com/yourusername/quire/pkg/quire/table.go:298.54,300.4 1 0
github.com/yourusername/quire/pkg/quire/table.go:303.2,303.12 1 1
github.com/yourusername/quire/pkg/quire/table.go:306.61,307.21 1 1
github.com/yourusername/quire/pkg/quire/table.go:307.21,309.3 1 1
github.com/yourusername/quire/pkg/quire/table.go:311.2,313.22 2 1
github.com/yourusername/quire/pkg/quire/table.go:314.22,315.28 1 1
github.com/yourusername/quire/pkg/quire/table.go:316.78,317.63 1 1
github.com/yourusername/quire/pkg/quire/table.go:317.63,319.4 1 1
github.com/yourusername/quire/pkg/quire/table.go:320.83,321.64 1 1
github.com/yourusername/quire/pkg/quire/table.go:321.64,323.4 1 1
github.com/yourusername/quire/pkg/quire/table.go:324.40,325.61 1 1
github.com/yourusername/quire/pkg/quire/table.go:325.61,327.4 1 1
github.com/yourusername/quire/pkg/quire/table.go:328.20,329.56 1 1
github.com/yourusername/quire/pkg/quire/table.go:329.56,331.4 1 1
github.com/yourusername/quire/pkg/quire/table.go:332.10,333.70 1 0
github.com/yourusername/quire/pkg/quire/table.go:333.70,336.4 2 0
github.com/yourusername/quire/pkg/quire/table.go:339.2,339.12 1 1
